#
# A fatal error has been detected by the Java Runtime Environment:
#
#  EXCEPTION_UNCAUGHT_CXX_EXCEPTION (0xe06d7363) at pc=0x00007ff869b49d98, pid=4672, tid=0x0000000000001618
#
# JRE version: Java(TM) SE Runtime Environment (8.0_92-b14) (build 1.8.0_92-b14)
# Java VM: Java HotSpot(TM) 64-Bit Server VM (25.92-b14 mixed mode windows-amd64 compressed oops)
# Problematic frame:
# C  [KERNELBASE.dll+0x69d98]
#
# Failed to write core dump. Minidumps are not enabled by default on client versions of Windows
#
# If you would like to submit a bug report, please visit:
#   http://bugreport.java.com/bugreport/crash.jsp
# The crash happened outside the Java Virtual Machine in native code.
# See problematic frame for where to report the bug.
#

---------------  T H R E A D  ---------------

Current thread (0x000000001f62b800):  JavaThread "JavaFX Application Thread" [_thread_in_native, id=5656, stack(0x00000000201b0000,0x00000000202b0000)]

siginfo: ExceptionCode=0xe06d7363, ExceptionInformation=0x0000000019930520 0x00000000202ac940 0x00007ff852a0d220 0x00007ff852940000 

Registers:
RAX=0x0000000000000001, RBX=0x00007ff852a0d220, RCX=0x0000000000000000, RDX=0x013a6e8000d944c0
RSP=0x00000000202ac7d0, RBP=0x00000000202ac910, RSI=0x0000000000010000, RDI=0x00000000202ac940
R8 =0x00000000779a1a59, R9 =0x00000008a01ecca0, R10=0x000000002da52120, R11=0x000000002b424a30
R12=0x00000000325f8d00, R13=0x00000000202ad701, R14=0x0000000032c985d0, R15=0x0000000032c985d0
RIP=0x00007ff869b49d98, EFLAGS=0x0000000000000202

Top of Stack: (sp=0x00000000202ac7d0)
0x00000000202ac7d0:   0000000000000000 00007ff852a0d220
0x00000000202ac7e0:   0000000000010000 00000000202ac940
0x00000000202ac7f0:   00000001e06d7363 0000000000000000
0x00000000202ac800:   00007ff869b49d98 0000000000000004
0x00000000202ac810:   0000000019930520 00000000202ac940
0x00000000202ac820:   00007ff852a0d220 00007ff852940000
0x00000000202ac830:   0000000032c985d0 00000000325f8d00
0x00000000202ac840:   00000000202ac940 0000000000010000
0x00000000202ac850:   00000000202ac910 00007ff86cbdba13
0x00000000202ac860:   00000000202ac920 0000000000000000
0x00000000202ac870:   00002a440fbd276a 00000000755f0000
0x00000000202ac880:   00007ff852a24000 00007ff852940000
0x00000000202ac890:   000088e1f236c920 00000000202aca08
0x00000000202ac8a0:   00007ff852a0d220 00007ff85299ef63
0x00000000202ac8b0:   0000000000010000 00007ff8529670f9
0x00000000202ac8c0:   0000000000010000 00000000325f8d00 

Instructions: (pc=0x00007ff869b49d98)
0x00007ff869b49d78:   49 8b d1 44 0f 47 c0 44 89 44 24 38 49 c1 e0 03
0x00007ff869b49d88:   e8 2b db 01 00 48 8d 4c 24 20 ff 15 60 c8 0f 00
0x00007ff869b49d98:   48 8b 8c 24 c0 00 00 00 48 33 cc e8 88 b0 01 00
0x00007ff869b49da8:   48 81 c4 d8 00 00 00 c3 83 64 24 38 00 eb d6 cc 


Register to memory mapping:

RAX=0x0000000000000001 is an unknown value
RBX=0x00007ff852a0d220 is an unknown value
RCX=0x0000000000000000 is an unknown value
RDX=0x013a6e8000d944c0 is an unknown value
RSP=0x00000000202ac7d0 is pointing into the stack for thread: 0x000000001f62b800
RBP=0x00000000202ac910 is pointing into the stack for thread: 0x000000001f62b800
RSI=0x0000000000010000 is an unknown value
RDI=0x00000000202ac940 is pointing into the stack for thread: 0x000000001f62b800
R8 =0x00000000779a1a59 is an unknown value
R9 =0x00000008a01ecca0 is an unknown value
R10=0x000000002da52120 is an unknown value
R11=0x000000002b424a30 is an unknown value
R12=0x00000000325f8d00 is an unknown value
R13=0x00000000202ad701 is pointing into the stack for thread: 0x000000001f62b800
R14=0x0000000032c985d0 is an unknown value
R15=0x0000000032c985d0 is an unknown value


Stack: [0x00000000201b0000,0x00000000202b0000],  sp=0x00000000202ac7d0,  free space=1009k
Native frames: (J=compiled Java code, j=interpreted, Vv=VM code, C=native code)
C  [KERNELBASE.dll+0x69d98]

Java frames: (J=compiled Java code, j=interpreted, Vv=VM code)
J 4881  com.sun.webkit.WebPage.twkPrePaint(J)V (0 bytes) @ 0x000000000342493b [0x0000000003424900+0x3b]
J 4880 C1 com.sun.webkit.WebPage.updateDirty(Lcom/sun/webkit/graphics/WCRectangle;)V (612 bytes) @ 0x0000000003aebebc [0x0000000003aeb020+0xe9c]
J 5056 C1 com.sun.webkit.WebPage.updateContent(Lcom/sun/webkit/graphics/WCRectangle;)V (66 bytes) @ 0x0000000003b6168c [0x0000000003b60e40+0x84c]
J 4680 C1 com.sun.javafx.sg.prism.web.NGWebView.update()V (72 bytes) @ 0x0000000003a2e714 [0x0000000003a2de20+0x8f4]
J 4072 C1 javafx.scene.web.WebView.handleStagePulse()V (113 bytes) @ 0x0000000002fc5fa4 [0x0000000002fc3c20+0x2384]
J 4070 C1 javafx.scene.web.WebView$$Lambda$90.pulse()V (8 bytes) @ 0x0000000002f8f60c [0x0000000002f8f540+0xcc]
J 5277 C2 com.sun.javafx.tk.Toolkit$$Lambda$301.run()Ljava/lang/Object; (8 bytes) @ 0x0000000003bc2fc8 [0x0000000003bc2f80+0x48]
v  ~StubRoutines::call_stub
J 2125  java.security.AccessController.doPrivileged(Ljava/security/PrivilegedAction;Ljava/security/AccessControlContext;)Ljava/lang/Object; (0 bytes) @ 0x000000000343dee6 [0x000000000343de80+0x66]
J 3536 C1 com.sun.javafx.tk.Toolkit.firePulse()V (279 bytes) @ 0x0000000003838284 [0x0000000003837020+0x1264]
J 3971 C1 com.sun.javafx.tk.quantum.QuantumToolkit.pulse(Z)V (164 bytes) @ 0x000000000313a7dc [0x000000000313a180+0x65c]
J 3557 C1 com.sun.javafx.tk.quantum.QuantumToolkit$$Lambda$42.run()V (8 bytes) @ 0x0000000003845e54 [0x0000000003845c40+0x214]
J 5359 C2 com.sun.glass.ui.InvokeLaterDispatcher$Future.run()V (91 bytes) @ 0x0000000003c5118c [0x0000000003c51140+0x4c]
v  ~StubRoutines::call_stub
j  com.sun.glass.ui.win.WinApplication._runLoop(Ljava/lang/Runnable;)V+0
j  com.sun.glass.ui.win.WinApplication.lambda$null$148(ILjava/lang/Runnable;)V+8
j  com.sun.glass.ui.win.WinApplication$$Lambda$38.run()V+12
j  java.lang.Thread.run()V+11
v  ~StubRoutines::call_stub

---------------  P R O C E S S  ---------------

Java Threads: ( => current thread )
  0x000000001f5b6800 JavaThread "Watchdog-Timer-1" daemon [_thread_blocked, id=18712, stack(0x000000002a170000,0x000000002a270000)]
  0x0000000026cfd000 JavaThread "Prism Font Disposer" daemon [_thread_blocked, id=3144, stack(0x0000000028c30000,0x0000000028d30000)]
  0x000000001f71a800 JavaThread "Disposer" daemon [_thread_blocked, id=11004, stack(0x0000000025380000,0x0000000025480000)]
  0x000000001f6cc800 JavaThread "Thread-3" daemon [_thread_in_native, id=8972, stack(0x0000000024840000,0x0000000024940000)]
  0x000000001f6ca000 JavaThread "JavaFX-Launcher" [_thread_blocked, id=8208, stack(0x0000000024a40000,0x0000000024b40000)]
=>0x000000001f62b800 JavaThread "JavaFX Application Thread" [_thread_in_native, id=5656, stack(0x00000000201b0000,0x00000000202b0000)]
  0x000000001f5f2000 JavaThread "Thread-1" daemon [_thread_blocked, id=13992, stack(0x00000000200b0000,0x00000000201b0000)]
  0x000000001f5fa000 JavaThread "QuantumRenderer-0" daemon [_thread_blocked, id=19108, stack(0x000000001fdb0000,0x000000001feb0000)]
  0x000000001e71b000 JavaThread "Service Thread" daemon [_thread_blocked, id=17424, stack(0x000000001f3b0000,0x000000001f4b0000)]
  0x000000001e6fd800 JavaThread "C1 CompilerThread3" daemon [_thread_blocked, id=18540, stack(0x000000001f2b0000,0x000000001f3b0000)]
  0x000000001e6f1000 JavaThread "C2 CompilerThread2" daemon [_thread_blocked, id=11924, stack(0x000000001f1b0000,0x000000001f2b0000)]
  0x000000001e6ef000 JavaThread "C2 CompilerThread1" daemon [_thread_blocked, id=10744, stack(0x000000001f0b0000,0x000000001f1b0000)]
  0x000000001e6ea800 JavaThread "C2 CompilerThread0" daemon [_thread_blocked, id=18172, stack(0x000000001efb0000,0x000000001f0b0000)]
  0x000000001e6e9800 JavaThread "Attach Listener" daemon [_thread_blocked, id=10880, stack(0x000000001eeb0000,0x000000001efb0000)]
  0x000000001c7ee800 JavaThread "Signal Dispatcher" daemon [_thread_blocked, id=15532, stack(0x000000001edb0000,0x000000001eeb0000)]
  0x000000001e6e0800 JavaThread "Finalizer" daemon [_thread_blocked, id=17164, stack(0x000000001eac0000,0x000000001ebc0000)]
  0x0000000002d78000 JavaThread "Reference Handler" daemon [_thread_blocked, id=13908, stack(0x000000001e5c0000,0x000000001e6c0000)]
  0x0000000002c7e000 JavaThread "main" [_thread_blocked, id=12664, stack(0x0000000002b20000,0x0000000002c20000)]

Other Threads:
  0x000000001c7d9800 VMThread [stack: 0x000000001e4c0000,0x000000001e5c0000] [id=16992]
  0x000000001e71e000 WatcherThread [stack: 0x000000001f4b0000,0x000000001f5b0000] [id=15924]

VM state:not at safepoint (normal execution)

VM Mutex/Monitor currently owned by a thread: None

Heap:
 PSYoungGen      total 235520K, used 160604K [0x000000076b500000, 0x000000078c880000, 0x00000007c0000000)
  eden space 82944K, 9% used [0x000000076b500000,0x000000076bcd73a0,0x0000000770600000)
  from space 152576K, 100% used [0x000000077ce00000,0x0000000786300000,0x0000000786300000)
  to   space 204800K, 0% used [0x0000000770600000,0x0000000770600000,0x000000077ce00000)
 ParOldGen       total 641024K, used 426528K [0x00000006c1e00000, 0x00000006e9000000, 0x000000076b500000)
  object space 641024K, 66% used [0x00000006c1e00000,0x00000006dbe88230,0x00000006e9000000)
 Metaspace       used 25981K, capacity 27598K, committed 27776K, reserved 1073152K
  class space    used 3512K, capacity 3853K, committed 3968K, reserved 1048576K

Card table byte_map: [0x0000000012140000,0x0000000012940000] byte_map_base: 0x000000000eb31000

Marking Bits: (ParMarkBitMap*) 0x0000000077f764f0
 Begin Bits: [0x0000000013690000, 0x0000000017618000)
 End Bits:   [0x0000000017618000, 0x000000001b5a0000)

Polling page: 0x0000000002c20000

CodeCache: size=245760Kb used=16988Kb max_used=17012Kb free=228771Kb
 bounds [0x0000000002d80000, 0x0000000003e40000, 0x0000000011d80000]
 total_blobs=6032 nmethods=5235 adapters=707
 compilation: enabled

Compilation events (10 events):
Event: 35.197 Thread 0x000000001e6ea800 5912       4       java.util.HashMap::remove (26 bytes)
Event: 35.197 Thread 0x000000001e6ea800 nmethod 5912 0x0000000003e2ebd0 code [0x0000000003e2ed20, 0x0000000003e2ee48]
Event: 44.227 Thread 0x000000001e6fd800 5913       1       java.util.concurrent.locks.AbstractQueuedSynchronizer::compareAndSetTail (13 bytes)
Event: 44.227 Thread 0x000000001e6fd800 nmethod 5913 0x0000000003e1d490 code [0x0000000003e1d5e0, 0x0000000003e1d730]
Event: 44.299 Thread 0x000000001e6fd800 5914   !   3       java.lang.ThreadGroup::remove (94 bytes)
Event: 44.300 Thread 0x000000001e6fd800 nmethod 5914 0x0000000002f10290 code [0x0000000002f10440, 0x0000000002f10b28]
Event: 44.308 Thread 0x000000001e6fd800 5915       3       java.lang.Thread::exit (51 bytes)
Event: 44.309 Thread 0x000000001e6fd800 nmethod 5915 0x0000000002f94850 code [0x0000000002f949c0, 0x0000000002f94c68]
Event: 44.309 Thread 0x000000001e6fd800 5916   !   3       java.lang.ThreadGroup::threadTerminated (63 bytes)
Event: 44.309 Thread 0x000000001e6fd800 nmethod 5916 0x0000000002f0f9d0 code [0x0000000002f0fb60, 0x0000000002f10128]

GC Heap History (10 events):
Event: 39.333 GC heap before
{Heap before GC invocations=11 (full 2):
 PSYoungGen      total 158720K, used 154816K [0x000000076b500000, 0x000000077c080000, 0x00000007c0000000)
  eden space 87552K, 100% used [0x000000076b500000,0x0000000770a80000,0x0000000770a80000)
  from space 71168K, 94% used [0x0000000775b80000,0x0000000779d30000,0x000000077a100000)
  to   space 82944K, 0% used [0x0000000770a80000,0x0000000770a80000,0x0000000775b80000)
 ParOldGen       total 327168K, used 113058K [0x00000006c1e00000, 0x00000006d5d80000, 0x000000076b500000)
  object space 327168K, 34% used [0x00000006c1e00000,0x00000006c8c689b8,0x00000006d5d80000)
 Metaspace       used 25981K, capacity 27598K, committed 27776K, reserved 1073152K
  class space    used 3512K, capacity 3853K, committed 3968K, reserved 1048576K
Event: 39.475 GC heap after
Heap after GC invocations=11 (full 2):
 PSYoungGen      total 170496K, used 82944K [0x000000076b500000, 0x0000000782600000, 0x00000007c0000000)
  eden space 87552K, 0% used [0x000000076b500000,0x000000076b500000,0x0000000770a80000)
  from space 82944K, 100% used [0x0000000770a80000,0x0000000775b80000,0x0000000775b80000)
  to   space 126464K, 0% used [0x000000077aa80000,0x000000077aa80000,0x0000000782600000)
 ParOldGen       total 327168K, used 185314K [0x00000006c1e00000, 0x00000006d5d80000, 0x000000076b500000)
  object space 327168K, 56% used [0x00000006c1e00000,0x00000006cd2f89b8,0x00000006d5d80000)
 Metaspace       used 25981K, capacity 27598K, committed 27776K, reserved 1073152K
  class space    used 3512K, capacity 3853K, committed 3968K, reserved 1048576K
}
Event: 41.908 GC heap before
{Heap before GC invocations=12 (full 2):
 PSYoungGen      total 170496K, used 170496K [0x000000076b500000, 0x0000000782600000, 0x00000007c0000000)
  eden space 87552K, 100% used [0x000000076b500000,0x0000000770a80000,0x0000000770a80000)
  from space 82944K, 100% used [0x0000000770a80000,0x0000000775b80000,0x0000000775b80000)
  to   space 126464K, 0% used [0x000000077aa80000,0x000000077aa80000,0x0000000782600000)
 ParOldGen       total 327168K, used 185314K [0x00000006c1e00000, 0x00000006d5d80000, 0x000000076b500000)
  object space 327168K, 56% used [0x00000006c1e00000,0x00000006cd2f89b8,0x00000006d5d80000)
 Metaspace       used 25981K, capacity 27598K, committed 27776K, reserved 1073152K
  class space    used 3512K, capacity 3853K, committed 3968K, reserved 1048576K
Event: 42.048 GC heap after
Heap after GC invocations=12 (full 2):
 PSYoungGen      total 238592K, used 103648K [0x000000076b500000, 0x0000000784080000, 0x00000007c0000000)
  eden space 112128K, 0% used [0x000000076b500000,0x000000076b500000,0x0000000772280000)
  from space 126464K, 81% used [0x000000077aa80000,0x0000000780fb8000,0x0000000782600000)
  to   space 139264K, 0% used [0x0000000772280000,0x0000000772280000,0x000000077aa80000)
 ParOldGen       total 327168K, used 252786K [0x00000006c1e00000, 0x00000006d5d80000, 0x000000076b500000)
  object space 327168K, 77% used [0x00000006c1e00000,0x00000006d14dc9b8,0x00000006d5d80000)
 Metaspace       used 25981K, capacity 27598K, committed 27776K, reserved 1073152K
  class space    used 3512K, capacity 3853K, committed 3968K, reserved 1048576K
}
Event: 42.048 GC heap before
{Heap before GC invocations=13 (full 3):
 PSYoungGen      total 238592K, used 103648K [0x000000076b500000, 0x0000000784080000, 0x00000007c0000000)
  eden space 112128K, 0% used [0x000000076b500000,0x000000076b500000,0x0000000772280000)
  from space 126464K, 81% used [0x000000077aa80000,0x0000000780fb8000,0x0000000782600000)
  to   space 139264K, 0% used [0x0000000772280000,0x0000000772280000,0x000000077aa80000)
 ParOldGen       total 327168K, used 252786K [0x00000006c1e00000, 0x00000006d5d80000, 0x000000076b500000)
  object space 327168K, 77% used [0x00000006c1e00000,0x00000006d14dc9b8,0x00000006d5d80000)
 Metaspace       used 25981K, capacity 27598K, committed 27776K, reserved 1073152K
  class space    used 3512K, capacity 3853K, committed 3968K, reserved 1048576K
Event: 43.317 GC heap after
Heap after GC invocations=13 (full 3):
 PSYoungGen      total 238592K, used 27138K [0x000000076b500000, 0x0000000784080000, 0x00000007c0000000)
  eden space 112128K, 0% used [0x000000076b500000,0x000000076b500000,0x0000000772280000)
  from space 126464K, 21% used [0x000000077aa80000,0x000000077c500a40,0x0000000782600000)
  to   space 139264K, 0% used [0x0000000772280000,0x0000000772280000,0x000000077aa80000)
 ParOldGen       total 641024K, used 326784K [0x00000006c1e00000, 0x00000006e9000000, 0x000000076b500000)
  object space 641024K, 50% used [0x00000006c1e00000,0x00000006d5d20230,0x00000006e9000000)
 Metaspace       used 25981K, capacity 27598K, committed 27776K, reserved 1073152K
  class space    used 3512K, capacity 3853K, committed 3968K, reserved 1048576K
}
Event: 47.146 GC heap before
{Heap before GC invocations=14 (full 3):
 PSYoungGen      total 238592K, used 139266K [0x000000076b500000, 0x0000000784080000, 0x00000007c0000000)
  eden space 112128K, 100% used [0x000000076b500000,0x0000000772280000,0x0000000772280000)
  from space 126464K, 21% used [0x000000077aa80000,0x000000077c500a40,0x0000000782600000)
  to   space 139264K, 0% used [0x0000000772280000,0x0000000772280000,0x000000077aa80000)
 ParOldGen       total 641024K, used 326784K [0x00000006c1e00000, 0x00000006e9000000, 0x000000076b500000)
  object space 641024K, 50% used [0x00000006c1e00000,0x00000006d5d20230,0x00000006e9000000)
 Metaspace       used 25981K, capacity 27598K, committed 27776K, reserved 1073152K
  class space    used 3512K, capacity 3853K, committed 3968K, reserved 1048576K
Event: 47.267 GC heap after
Heap after GC invocations=14 (full 3):
 PSYoungGen      total 251392K, used 112384K [0x000000076b500000, 0x0000000786300000, 0x00000007c0000000)
  eden space 112128K, 0% used [0x000000076b500000,0x000000076b500000,0x0000000772280000)
  from space 139264K, 80% used [0x0000000772280000,0x0000000779040000,0x000000077aa80000)
  to   space 152576K, 0% used [0x000000077ce00000,0x000000077ce00000,0x0000000786300000)
 ParOldGen       total 641024K, used 354144K [0x00000006c1e00000, 0x00000006e9000000, 0x000000076b500000)
  object space 641024K, 55% used [0x00000006c1e00000,0x00000006d77d8230,0x00000006e9000000)
 Metaspace       used 25981K, capacity 27598K, committed 27776K, reserved 1073152K
  class space    used 3512K, capacity 3853K, committed 3968K, reserved 1048576K
}
Event: 54.318 GC heap before
{Heap before GC invocations=15 (full 3):
 PSYoungGen      total 251392K, used 224512K [0x000000076b500000, 0x0000000786300000, 0x00000007c0000000)
  eden space 112128K, 100% used [0x000000076b500000,0x0000000772280000,0x0000000772280000)
  from space 139264K, 80% used [0x0000000772280000,0x0000000779040000,0x000000077aa80000)
  to   space 152576K, 0% used [0x000000077ce00000,0x000000077ce00000,0x0000000786300000)
 ParOldGen       total 641024K, used 354144K [0x00000006c1e00000, 0x00000006e9000000, 0x000000076b500000)
  object space 641024K, 55% used [0x00000006c1e00000,0x00000006d77d8230,0x00000006e9000000)
 Metaspace       used 25981K, capacity 27598K, committed 27776K, reserved 1073152K
  class space    used 3512K, capacity 3853K, committed 3968K, reserved 1048576K
Event: 54.520 GC heap after
Heap after GC invocations=15 (full 3):
 PSYoungGen      total 235520K, used 152576K [0x000000076b500000, 0x000000078c880000, 0x00000007c0000000)
  eden space 82944K, 0% used [0x000000076b500000,0x000000076b500000,0x0000000770600000)
  from space 152576K, 100% used [0x000000077ce00000,0x0000000786300000,0x0000000786300000)
  to   space 204800K, 0% used [0x0000000770600000,0x0000000770600000,0x000000077ce00000)
 ParOldGen       total 641024K, used 426528K [0x00000006c1e00000, 0x00000006e9000000, 0x000000076b500000)
  object space 641024K, 66% used [0x00000006c1e00000,0x00000006dbe88230,0x00000006e9000000)
 Metaspace       used 25981K, capacity 27598K, committed 27776K, reserved 1073152K
  class space    used 3512K, capacity 3853K, committed 3968K, reserved 1048576K
}

Deoptimization events (10 events):
Event: 30.745 Thread 0x000000001f62b800 Uncommon trap: reason=unstable_if action=reinterpret pc=0x0000000003d65900 method=java.security.AccessControlContext.optimize()Ljava/security/AccessControlContext; @ 27
Event: 30.855 Thread 0x000000001f5fa000 Uncommon trap: reason=unstable_if action=reinterpret pc=0x000000000337eae4 method=com.sun.javafx.geom.RectBounds.intersectWith(FFFF)V @ 18
Event: 30.866 Thread 0x000000001f5fa000 Uncommon trap: reason=unstable_if action=reinterpret pc=0x00000000034985c4 method=com.sun.javafx.geom.RectBounds.intersectWith(FFFF)V @ 18
Event: 34.139 Thread 0x0000000027ba3800 Uncommon trap: reason=class_check action=maybe_recompile pc=0x0000000003b7a6e4 method=java.util.HashMap.removeNode(ILjava/lang/Object;Ljava/lang/Object;ZZ)Ljava/util/HashMap$Node; @ 68
Event: 34.139 Thread 0x0000000027ba3800 Uncommon trap: reason=bimorphic action=maybe_recompile pc=0x0000000003b7a668 method=java.util.HashMap.removeNode(ILjava/lang/Object;Ljava/lang/Object;ZZ)Ljava/util/HashMap$Node; @ 283
Event: 34.139 Thread 0x0000000027ba3800 Uncommon trap: reason=bimorphic action=maybe_recompile pc=0x0000000003b7a668 method=java.util.HashMap.removeNode(ILjava/lang/Object;Ljava/lang/Object;ZZ)Ljava/util/HashMap$Node; @ 283
Event: 34.139 Thread 0x0000000027ba3800 Uncommon trap: reason=bimorphic action=maybe_recompile pc=0x0000000003b7a668 method=java.util.HashMap.removeNode(ILjava/lang/Object;Ljava/lang/Object;ZZ)Ljava/util/HashMap$Node; @ 283
Event: 34.139 Thread 0x0000000027ba3800 Uncommon trap: reason=bimorphic action=maybe_recompile pc=0x0000000003b7a668 method=java.util.HashMap.removeNode(ILjava/lang/Object;Ljava/lang/Object;ZZ)Ljava/util/HashMap$Node; @ 283
Event: 34.139 Thread 0x0000000027ba3800 Uncommon trap: reason=bimorphic action=maybe_recompile pc=0x000000000371ee40 method=java.util.HashMap.removeNode(ILjava/lang/Object;Ljava/lang/Object;ZZ)Ljava/util/HashMap$Node; @ 283
Event: 44.193 Thread 0x0000000027ba3000 Uncommon trap: reason=unstable_if action=reinterpret pc=0x0000000003be1f4c method=java.util.concurrent.locks.AbstractQueuedSynchronizer.enq(Ljava/util/concurrent/locks/AbstractQueuedSynchronizer$Node;)Ljava/util/concurrent/locks/AbstractQueuedSynchronizer$)ÊÏÝÕ¾>@

Internal exceptions (10 events):
Event: 1.233 Thread 0x000000001f62b800 Implicit null exception at 0x00000000031d4446 to 0x00000000031d4a3d
Event: 1.661 Thread 0x000000001f5b4000 Implicit null exception at 0x00000000033a8b9d to 0x00000000033a8cf9
Event: 3.220 Thread 0x000000001f5fa000 Implicit null exception at 0x00000000036177f5 to 0x0000000003619463
Event: 3.220 Thread 0x000000001f5fa000 Exception <a 'java/lang/NullPointerException'> (0x000000076e8b6d90) thrown at [D:\re\workspace\8-2-build-windows-amd64-cygwin\jdk8u92\6642\hotspot\src\share\vm\runtime\sharedRuntime.cpp, line 605]
Event: 3.220 Thread 0x000000001f5fa000 Implicit null exception at 0x00000000036177f5 to 0x0000000003619463
Event: 3.220 Thread 0x000000001f5fa000 Exception <a 'java/lang/NullPointerException'> (0x000000076e8b77e8) thrown at [D:\re\workspace\8-2-build-windows-amd64-cygwin\jdk8u92\6642\hotspot\src\share\vm\runtime\sharedRuntime.cpp, line 605]
Event: 3.220 Thread 0x000000001f5fa000 Implicit null exception at 0x00000000036177f5 to 0x0000000003619463
Event: 3.220 Thread 0x000000001f5fa000 Exception <a 'java/lang/NullPointerException'> (0x000000076e8b8188) thrown at [D:\re\workspace\8-2-build-windows-amd64-cygwin\jdk8u92\6642\hotspot\src\share\vm\runtime\sharedRuntime.cpp, line 605]
Event: 11.210 Thread 0x000000001f5fa000 Implicit null exception at 0x000000000309d590 to 0x000000000309d5ed
Event: 18.354 Thread 0x000000001f5fa000 Implicit null exception at 0x000000000302e7c6 to 0x000000000302fc85

Events (10 events):
Event: 44.300 Thread 0x000000001e6fd800 flushing nmethod 0x0000000002f94310
Event: 44.308 Thread 0x0000000027b9d800 Thread exited: 0x0000000027b9d800
Event: 44.309 Thread 0x000000001e6fd800 flushing nmethod 0x0000000003093550
Event: 44.309 Thread 0x000000001e6fd800 flushing nmethod 0x0000000003113e50
Event: 44.309 Thread 0x000000001e6fd800 flushing nmethod 0x0000000003119750
Event: 44.309 Thread 0x000000001e6fd800 flushing nmethod 0x00000000031b6a50
Event: 47.146 Executing VM operation: ParallelGCFailedAllocation
Event: 47.267 Executing VM operation: ParallelGCFailedAllocation done
Event: 54.318 Executing VM operation: ParallelGCFailedAllocation
Event: 54.520 Executing VM operation: ParallelGCFailedAllocation done


Dynamic libraries:
0x00007ff790680000 - 0x00007ff7906b7000 	C:\Program Files\Java\jdk1.8.0_92\jre\bin\javaw.exe
0x00007ff86cbc0000 - 0x00007ff86cd9b000 	C:\WINDOWS\SYSTEM32\ntdll.dll
0x00007ff86a180000 - 0x00007ff86a22e000 	C:\WINDOWS\System32\KERNEL32.DLL
0x00007ff869ae0000 - 0x00007ff869d29000 	C:\WINDOWS\System32\KERNELBASE.dll
0x00007ff86c960000 - 0x00007ff86ca01000 	C:\WINDOWS\System32\ADVAPI32.dll
0x00007ff86bd10000 - 0x00007ff86bdad000 	C:\WINDOWS\System32\msvcrt.dll
0x00007ff86a120000 - 0x00007ff86a179000 	C:\WINDOWS\System32\sechost.dll
0x00007ff86bf90000 - 0x00007ff86c0b5000 	C:\WINDOWS\System32\RPCRT4.dll
0x00007ff86bdd0000 - 0x00007ff86bf1a000 	C:\WINDOWS\System32\USER32.dll
0x00007ff86a100000 - 0x00007ff86a11e000 	C:\WINDOWS\System32\win32u.dll
0x00007ff86ca20000 - 0x00007ff86ca47000 	C:\WINDOWS\System32\GDI32.dll
0x00007ff869f70000 - 0x00007ff86a0f7000 	C:\WINDOWS\System32\gdi32full.dll
0x00007ff869a40000 - 0x00007ff869ada000 	C:\WINDOWS\System32\msvcp_win.dll
0x00007ff869940000 - 0x00007ff869a36000 	C:\WINDOWS\System32\ucrtbase.dll
0x00007ff8600b0000 - 0x00007ff860317000 	C:\WINDOWS\WinSxS\amd64_microsoft.windows.common-controls_6595b64144ccf1df_6.0.15063.483_none_26002d27e7c744a2\COMCTL32.dll
0x00007ff86c240000 - 0x00007ff86c539000 	C:\WINDOWS\System32\combase.dll
0x00007ff869f00000 - 0x00007ff869f6a000 	C:\WINDOWS\System32\bcryptPrimitives.dll
0x00007ff86c540000 - 0x00007ff86c56d000 	C:\WINDOWS\System32\IMM32.DLL
0x00000000510c0000 - 0x0000000051192000 	C:\Program Files\Java\jdk1.8.0_92\jre\bin\msvcr100.dll
0x0000000077760000 - 0x0000000077ff6000 	C:\Program Files\Java\jdk1.8.0_92\jre\bin\server\jvm.dll
0x00007ff86bf20000 - 0x00007ff86bf28000 	C:\WINDOWS\System32\PSAPI.DLL
0x00007ff860760000 - 0x00007ff860769000 	C:\WINDOWS\SYSTEM32\WSOCK32.dll
0x00007ff8617c0000 - 0x00007ff8617e3000 	C:\WINDOWS\SYSTEM32\WINMM.dll
0x00007ff8605e0000 - 0x00007ff8605ea000 	C:\WINDOWS\SYSTEM32\VERSION.dll
0x00007ff86a750000 - 0x00007ff86a7bc000 	C:\WINDOWS\System32\WS2_32.dll
0x00007ff861750000 - 0x00007ff86177b000 	C:\WINDOWS\SYSTEM32\WINMMBASE.dll
0x00007ff8698f0000 - 0x00007ff869939000 	C:\WINDOWS\System32\cfgmgr32.dll
0x0000000051520000 - 0x000000005152f000 	C:\Program Files\Java\jdk1.8.0_92\jre\bin\verify.dll
0x0000000051400000 - 0x0000000051429000 	C:\Program Files\Java\jdk1.8.0_92\jre\bin\java.dll
0x0000000051500000 - 0x0000000051516000 	C:\Program Files\Java\jdk1.8.0_92\jre\bin\zip.dll
0x00007ff86a8d0000 - 0x00007ff86bd07000 	C:\WINDOWS\System32\SHELL32.dll
0x00007ff86cb10000 - 0x00007ff86cbba000 	C:\WINDOWS\System32\shcore.dll
0x00007ff869190000 - 0x00007ff869881000 	C:\WINDOWS\System32\windows.storage.dll
0x00007ff86c570000 - 0x00007ff86c5c1000 	C:\WINDOWS\System32\shlwapi.dll
0x00007ff8690c0000 - 0x00007ff8690d1000 	C:\WINDOWS\System32\kernel.appcore.dll
0x00007ff869050000 - 0x00007ff86909c000 	C:\WINDOWS\System32\powrprof.dll
0x00007ff869030000 - 0x00007ff869045000 	C:\WINDOWS\System32\profapi.dll
0x00007ff852940000 - 0x00007ff852a2f000 	C:\Program Files\Java\jdk1.8.0_92\jre\bin\msvcr120.dll
0x00007ff852d10000 - 0x00007ff852db6000 	C:\Program Files\Java\jdk1.8.0_92\jre\bin\msvcp120.dll
0x0000000051090000 - 0x00000000510b2000 	C:\Program Files\Java\jdk1.8.0_92\jre\bin\prism_d3d.dll
0x00007ff849a20000 - 0x00007ff849ba9000 	C:\WINDOWS\system32\d3d9.dll
0x00007ff85ff40000 - 0x00007ff85ff6a000 	C:\WINDOWS\SYSTEM32\dwmapi.dll
0x00007ff867820000 - 0x00007ff8678b5000 	C:\WINDOWS\system32\uxtheme.dll
0x00007ff81fe60000 - 0x00007ff822143000 	C:\WINDOWS\SYSTEM32\igdumdim64.dll
0x00007ff86a230000 - 0x00007ff86a66b000 	C:\WINDOWS\System32\SETUPAPI.dll
0x00007ff86ca50000 - 0x00007ff86cb10000 	C:\WINDOWS\System32\OLEAUT32.dll
0x00007ff86c5d0000 - 0x00007ff86c715000 	C:\WINDOWS\System32\ole32.dll
0x0000000051040000 - 0x0000000051083000 	C:\Program Files\Java\jdk1.8.0_92\jre\bin\glass.dll
0x00007ff86a7c0000 - 0x00007ff86a8c8000 	C:\WINDOWS\System32\COMDLG32.dll
0x00007ff86c0c0000 - 0x00007ff86c226000 	C:\WINDOWS\System32\MSCTF.dll
0x00007ff855550000 - 0x00007ff855f52000 	C:\WINDOWS\SYSTEM32\igdusc64.dll
0x00000000751c0000 - 0x0000000077751000 	C:\Program Files\Java\jdk1.8.0_92\jre\bin\jfxwebkit.dll
0x00007ff868af0000 - 0x00007ff868b07000 	C:\WINDOWS\SYSTEM32\CRYPTSP.dll
0x00007ff868570000 - 0x00007ff8685a4000 	C:\WINDOWS\system32\rsaenh.dll
0x00007ff868bf0000 - 0x00007ff868c15000 	C:\WINDOWS\SYSTEM32\bcrypt.dll
0x00007ff868ae0000 - 0x00007ff868aeb000 	C:\WINDOWS\SYSTEM32\CRYPTBASE.dll
0x00000000513e0000 - 0x00000000513fa000 	C:\Program Files\Java\jdk1.8.0_92\jre\bin\net.dll
0x00007ff868940000 - 0x00007ff86899c000 	C:\WINDOWS\system32\mswsock.dll
0x0000000051020000 - 0x0000000051031000 	C:\Program Files\Java\jdk1.8.0_92\jre\bin\nio.dll
0x00007ff868720000 - 0x00007ff8687c4000 	C:\WINDOWS\SYSTEM32\DNSAPI.dll
0x00007ff86ca10000 - 0x00007ff86ca18000 	C:\WINDOWS\System32\NSI.dll
0x00007ff8686e0000 - 0x00007ff868717000 	C:\WINDOWS\SYSTEM32\IPHLPAPI.DLL
0x00007ff863e60000 - 0x00007ff863e6a000 	C:\Windows\System32\rasadhlp.dll
0x00007ff865a60000 - 0x00007ff865acb000 	C:\WINDOWS\System32\fwpuclnt.dll
0x00000000502e0000 - 0x00000000502f4000 	C:\Program Files\Java\jdk1.8.0_92\jre\bin\javafx_font.dll
0x00007ff858c40000 - 0x00007ff858eff000 	C:\WINDOWS\SYSTEM32\dwrite.dll
0x00007ff86c8c0000 - 0x00007ff86c95e000 	C:\WINDOWS\System32\clbcatq.dll
0x00007ff857260000 - 0x00007ff85740c000 	C:\WINDOWS\SYSTEM32\WindowsCodecs.dll
0x00007ff8511d0000 - 0x00007ff851217000 	C:\WINDOWS\system32\dataexchange.dll
0x00007ff85e140000 - 0x00007ff85e262000 	C:\WINDOWS\system32\dcomp.dll
0x00007ff866ce0000 - 0x00007ff866fbf000 	C:\WINDOWS\system32\d3d11.dll
0x00007ff868040000 - 0x00007ff8680e4000 	C:\WINDOWS\system32\dxgi.dll
0x00007ff867ac0000 - 0x00007ff867c30000 	C:\WINDOWS\system32\twinapi.appcore.dll
0x00007ff85adc0000 - 0x00007ff85adf1000 	C:\Program Files\Common Files\Microsoft Shared\Ink\rtscom.dll
0x00007ff865210000 - 0x00007ff865292000 	C:\WINDOWS\System32\TextInputFramework.dll
0x00007ff862ff0000 - 0x00007ff8630d3000 	C:\WINDOWS\System32\CoreMessaging.dll
0x00007ff8588a0000 - 0x00007ff858b72000 	C:\WINDOWS\System32\CoreUIComponents.dll
0x00007ff8680f0000 - 0x00007ff868121000 	C:\WINDOWS\SYSTEM32\ntmarta.dll
0x00007ff867020000 - 0x00007ff867159000 	C:\WINDOWS\SYSTEM32\wintypes.dll
0x00007ff862a80000 - 0x00007ff862a95000 	C:\WINDOWS\SYSTEM32\usermgrcli.dll
0x00000000502c0000 - 0x00000000502d1000 	C:\Program Files\Java\jdk1.8.0_92\jre\bin\prism_common.dll
0x0000000050290000 - 0x00000000502b4000 	C:\Program Files\Java\jdk1.8.0_92\jre\bin\sunec.dll
0x00007ff868f60000 - 0x00007ff868f89000 	C:\WINDOWS\SYSTEM32\USERENV.dll
0x00007ff865a40000 - 0x00007ff865a56000 	C:\WINDOWS\SYSTEM32\dhcpcsvc6.DLL
0x00007ff865a20000 - 0x00007ff865a3a000 	C:\WINDOWS\SYSTEM32\dhcpcsvc.DLL
0x0000000051010000 - 0x000000005101b000 	C:\Program Files\Java\jdk1.8.0_92\jre\bin\sunmscapi.dll
0x00007ff869d30000 - 0x00007ff869ef9000 	C:\WINDOWS\System32\CRYPT32.dll
0x00007ff8690a0000 - 0x00007ff8690b1000 	C:\WINDOWS\System32\MSASN1.dll
0x00007ff85e0d0000 - 0x00007ff85e0e6000 	C:\WINDOWS\system32\napinsp.dll
0x00007ff85ffa0000 - 0x00007ff85ffba000 	C:\WINDOWS\system32\pnrpnsp.dll
0x00007ff864350000 - 0x00007ff864368000 	C:\WINDOWS\system32\NLAapi.dll
0x00007ff85ff90000 - 0x00007ff85ff9e000 	C:\WINDOWS\System32\winrnr.dll
0x00007ff85cbc0000 - 0x00007ff85cbd5000 	C:\WINDOWS\System32\wshbth.dll
0x00007ff865c40000 - 0x00007ff865c84000 	C:\WINDOWS\SYSTEM32\edputil.dll

VM Arguments:
jvm_args: -Dfile.encoding=Cp1252 
java_command: application.MapApp
java_class_path (initial): C:\Users\muhirwao\workspace\UCSDGraphs\bin;C:\Users\muhirwao\workspace\UCSDGraphs\libs\javax.json-1.0.4.jar;C:\Users\muhirwao\.p2\pool\plugins\org.junit_4.12.0.v201504281640\junit.jar;C:\Users\muhirwao\.p2\pool\plugins\org.hamcrest.core_1.3.0.v201303031735.jar
Launcher Type: SUN_STANDARD

Environment Variables:
JAVA_HOME=C:\Program Files\Java\jdk1.8.0_92
PATH=C:/Program Files/Java/jre1.8.0_144/bin/server;C:/Program Files/Java/jre1.8.0_144/bin;C:/Program Files/Java/jre1.8.0_144/lib/amd64;C:\Program Files\NVIDIA GPU Computing Toolkit\CUDA\v8.0\bin;C:\Program Files\NVIDIA GPU Computing Toolkit\CUDA\v8.0\libnvvp;C:\ProgramData\Oracle\Java\javapath;C:\Users\muhirwao\algs4\java\bin;C:\Windows\system32;C:\Windows;C:\Windows\System32\Wbem;C:\Windows\System32\WindowsPowerShell\v1.0\;C:\Program Files (x86)\ATI Technologies\ATI.ACE\Core-Static;C:\Program Files (x86)\NVIDIA Corporation\PhysX\Common;C:\Program Files\MATLAB\R2016a\runtime\win64;C:\Program Files\MATLAB\R2016a\bin;C:\Program Files\Git\cmd;C:\ProgramData\chocolatey\bin;c:\Program Files\Java\jdk1.8.0_92\bin;C:\WINDOWS\system32;C:\WINDOWS;C:\WINDOWS\System32\Wbem;C:\WINDOWS\System32\WindowsPowerShell\v1.0\;C:\Users\muhirwao\.dnx\bin;C:\Program Files\Microsoft DNX\Dnvm\;C:\Program Files\Microsoft SQL Server\130\Tools\Binn\;C:\Program Files (x86)\Windows Kits\8.1\Windows Performance Toolkit\;C:\Program Files\CMake\bin;C:\Program Files\PuTTY\;%SystemRoot%\system32;%SystemRoot%;%SystemRoot%\System32\Wbem;%SYSTEMROOT%\System32\WindowsPowerShell\v1.0\;C:\Users\muhirwao\AppData\Local\Programs\Python\Python35\;C:\Users\muhirwao\AppData\Local\Programs\Python\Python35\Scripts\;C:\Users\muhirwao\algs4\bin;C:\Users\muhirwao\algs4\java\bin;C:\Modeltech_pe_edu_10.4a\win32pe_edu;C:\MinGW\bin;C:\tools\apache-maven-3.3.9\bin;C:\Users\muhirwao\AppData\Local\Microsoft\WindowsApps;C:\Program Files\cudnn-8.0-windows10-x64-v5.1\cuda;;C:\WINDOWS\system32;
USERNAME=muhirwao
OS=Windows_NT
PROCESSOR_IDENTIFIER=Intel64 Family 6 Model 60 Stepping 3, GenuineIntel



---------------  S Y S T E M  ---------------

OS: Windows 10.0 , 64 bit Build 15063 (10.0.15063.296)

CPU:total 8 (4 cores per cpu, 2 threads per core) family 6 model 60 stepping 3, cmov, cx8, fxsr, mmx, sse, sse2, sse3, ssse3, sse4.1, sse4.2, popcnt, avx, avx2, aes, clmul, erms, lzcnt, ht, tsc, tscinvbit, bmi1, bmi2

Memory: 4k page, physical 16653000k(3967224k free), swap 39806956k(5172k free)

vm_info: Java HotSpot(TM) 64-Bit Server VM (25.92-b14) for windows-amd64 JRE (1.8.0_92-b14), built on Mar 31 2016 21:03:04 by "java_re" with MS VC++ 10.0 (VS2010)

time: Tue Dec 05 07:51:50 2017
elapsed time: 54 seconds (0d 0h 0m 54s)

